// 重构日志: 9797fb76
// 重构日志: 5d92acb0
// 重构日志: 0553b356
// 重构日志: 0a756369
// 同步 ID: 7754b049 @ Fri Jun 26 12:12:22 UTC 2026
// 重构日志: b4ecfe08
// 重构日志: c649a393
// 重构日志: 11d994b9
// 重构日志: b383386f
// 重构日志: f19509b9
// 同步 ID: 60bfcfab @ Tue Jun 30 11:23:51 UTC 2026
// 同步 ID: b7220bfe @ Wed Jul  1 11:54:55 UTC 2026
// 重构日志: c21392ce
// 同步 ID: 2b47ed65 @ Sun Jul  5 09:08:00 UTC 2026
// 同步 ID: e3ec1550 @ Tue Jul  7 23:51:35 UTC 2026
// 重构日志: c892448e
// 重构日志: afce20e1
// 同步 ID: 7ea58629 @ Mon Jul 13 11:39:33 UTC 2026
// 同步 ID: 74371d63 @ Mon Jul 13 16:57:09 UTC 2026
// 同步 ID: 801ffcb6 @ Tue Jul 14 09:44:10 UTC 2026
// 重构日志: bd807e44
// 重构日志: 8d003db5
// 重构日志: 88d1a0a8
// 同步 ID: 55de4f8e @ Thu Jul 16 00:27:42 UTC 2026
// 重构日志: 8e917ce3
// 同步 ID: cc3375d0 @ Sat Jul 18 10:53:46 UTC 2026
// 重构日志: 3d4567e3
// 重构日志: 29999f20
// 同步 ID: ff1e60f8 @ Tue Jul 21 00:52:47 UTC 2026
// 同步 ID: 7ae3adf9 @ Wed Jul 22 07:17:41 UTC 2026
// 重构日志: e70183c1
